<?xml version="1.0" encoding="UTF-8"?>
<!-- Generated by org.testng.reporters.JUnitXMLReporter -->
<testsuite ignored="0" hostname="DESKTOP-EL1FF7J" failures="0" tests="6" name="Surefire test" time="0.409" errors="0" timestamp="2020-07-14T19:00:41 IST">
  <testcase classname="qaClickAcademy.AppiumTest" name="IOSApps on IOSApps(qaClickAcademy.AppiumTest)" time="0.047"/>
  <testcase classname="qaClickAcademy.AppiumTest" name="NativeAppAndroid on NativeAppAndroid(qaClickAcademy.AppiumTest)" time="0.063"/>
  <testcase classname="qaClickAcademy.RESTAPITest" name="deleteTwitter on deleteTwitter(qaClickAcademy.RESTAPITest)" time="0.0"/>
  <testcase classname="qaClickAcademy.RESTAPITest" name="postJira on postJira(qaClickAcademy.RESTAPITest)" time="0.015"/>
  <testcase classname="qaClickAcademy.SeleniumTest" name="elementsUi on elementsUi(qaClickAcademy.SeleniumTest)" time="0.018"/>
  <testcase classname="qaClickAcademy.SeleniumTest" name="BrowserAutomation on BrowserAutomation(qaClickAcademy.SeleniumTest)" time="0.018"/>
</testsuite> <!-- Surefire test -->
