<?xml version="1.0" encoding="UTF-8"?>
<testng-results ignored="0" total="6" passed="6" failed="0" skipped="0">
  <reporter-output>
  </reporter-output>
  <suite started-at="2020-07-14T19:00:41 IST" name="Surefire suite" finished-at="2020-07-14T19:00:41 IST" duration-ms="409">
    <groups>
    </groups>
    <test started-at="2020-07-14T19:00:41 IST" name="Surefire test" finished-at="2020-07-14T19:00:41 IST" duration-ms="409">
      <class name="qaClickAcademy.AppiumTest">
        <test-method signature="NativeAppAndroid()" started-at="2020-07-14T19:00:41 IST" name="NativeAppAndroid" finished-at="2020-07-14T19:00:41 IST" duration-ms="63" status="PASS">
          <reporter-output>
          </reporter-output>
        </test-method> <!-- NativeAppAndroid -->
        <test-method signature="IOSApps()" started-at="2020-07-14T19:00:41 IST" name="IOSApps" finished-at="2020-07-14T19:00:41 IST" duration-ms="47" status="PASS">
          <reporter-output>
          </reporter-output>
        </test-method> <!-- IOSApps -->
      </class> <!-- qaClickAcademy.AppiumTest -->
      <class name="qaClickAcademy.RESTAPITest">
        <test-method signature="postJira()" started-at="2020-07-14T19:00:41 IST" name="postJira" finished-at="2020-07-14T19:00:41 IST" duration-ms="15" status="PASS">
          <reporter-output>
          </reporter-output>
        </test-method> <!-- postJira -->
        <test-method signature="deleteTwitter()" started-at="2020-07-14T19:00:41 IST" name="deleteTwitter" finished-at="2020-07-14T19:00:41 IST" duration-ms="0" status="PASS">
          <reporter-output>
          </reporter-output>
        </test-method> <!-- deleteTwitter -->
      </class> <!-- qaClickAcademy.RESTAPITest -->
      <class name="qaClickAcademy.SeleniumTest">
        <test-method signature="elementsUi()" started-at="2020-07-14T19:00:41 IST" name="elementsUi" finished-at="2020-07-14T19:00:41 IST" duration-ms="18" status="PASS">
          <reporter-output>
          </reporter-output>
        </test-method> <!-- elementsUi -->
        <test-method signature="BrowserAutomation()" started-at="2020-07-14T19:00:41 IST" name="BrowserAutomation" finished-at="2020-07-14T19:00:41 IST" duration-ms="18" status="PASS">
          <reporter-output>
          </reporter-output>
        </test-method> <!-- BrowserAutomation -->
      </class> <!-- qaClickAcademy.SeleniumTest -->
    </test> <!-- Surefire test -->
  </suite> <!-- Surefire suite -->
</testng-results>
